<?xml version="1.0" encoding="UTF-8"?>
<testsuite xmlns:xsi="http://www.w3.org/2001/XMLSchema-instance" xsi:noNamespaceSchemaLocation="https://maven.apache.org/surefire/maven-surefire-plugin/xsd/surefire-test-report.xsd" name="samples.AppTest" time="0.492" tests="4" errors="0" skipped="0" failures="0">
  <properties>
    <property name="sun.desktop" value="windows"/>
    <property name="awt.toolkit" value="sun.awt.windows.WToolkit"/>
    <property name="file.encoding.pkg" value="sun.io"/>
    <property name="java.specification.version" value="1.8"/>
    <property name="sun.cpu.isalist" value="amd64"/>
    <property name="sun.jnu.encoding" value="Cp1250"/>
    <property name="java.class.path" value="D:\NumberConverter\NumberConverter\target\test-classes;D:\NumberConverter\NumberConverter\target\classes;C:\Users\pio_d\.m2\repository\org\scala-lang\scala-library\2.13.1\scala-library-2.13.1.jar;C:\Users\pio_d\.m2\repository\com\typesafe\akka\akka-actor_2.13\2.7.0\akka-actor_2.13-2.7.0.jar;C:\Users\pio_d\.m2\repository\com\typesafe\config\1.4.2\config-1.4.2.jar;C:\Users\pio_d\.m2\repository\org\scala-lang\modules\scala-java8-compat_2.13\1.0.0\scala-java8-compat_2.13-1.0.0.jar;C:\Users\pio_d\.m2\repository\com\typesafe\akka\akka-testkit_2.13\2.7.0\akka-testkit_2.13-2.7.0.jar;C:\Users\pio_d\.m2\repository\org\scalatest\scalatest_2.13\3.3.0-SNAP3\scalatest_2.13-3.3.0-SNAP3.jar;C:\Users\pio_d\.m2\repository\org\scalatest\scalatest-core_2.13\3.3.0-SNAP3\scalatest-core_2.13-3.3.0-SNAP3.jar;C:\Users\pio_d\.m2\repository\org\scalatest\scalatest-compatible\3.3.0-SNAP3\scalatest-compatible-3.3.0-SNAP3.jar;C:\Users\pio_d\.m2\repository\org\scalactic\scalactic_2.13\3.3.0-SNAP3\scalactic_2.13-3.3.0-SNAP3.jar;C:\Users\pio_d\.m2\repository\org\scala-lang\modules\scala-xml_2.13\1.2.0\scala-xml_2.13-1.2.0.jar;C:\Users\pio_d\.m2\repository\org\scalatest\scalatest-featurespec_2.13\3.3.0-SNAP3\scalatest-featurespec_2.13-3.3.0-SNAP3.jar;C:\Users\pio_d\.m2\repository\org\scalatest\scalatest-flatspec_2.13\3.3.0-SNAP3\scalatest-flatspec_2.13-3.3.0-SNAP3.jar;C:\Users\pio_d\.m2\repository\org\scalatest\scalatest-freespec_2.13\3.3.0-SNAP3\scalatest-freespec_2.13-3.3.0-SNAP3.jar;C:\Users\pio_d\.m2\repository\org\scalatest\scalatest-funsuite_2.13\3.3.0-SNAP3\scalatest-funsuite_2.13-3.3.0-SNAP3.jar;C:\Users\pio_d\.m2\repository\org\scalatest\scalatest-funspec_2.13\3.3.0-SNAP3\scalatest-funspec_2.13-3.3.0-SNAP3.jar;C:\Users\pio_d\.m2\repository\org\scalatest\scalatest-propspec_2.13\3.3.0-SNAP3\scalatest-propspec_2.13-3.3.0-SNAP3.jar;C:\Users\pio_d\.m2\repository\org\scalatest\scalatest-refspec_2.13\3.3.0-SNAP3\scalatest-refspec_2.13-3.3.0-SNAP3.jar;C:\Users\pio_d\.m2\repository\org\scalatest\scalatest-wordspec_2.13\3.3.0-SNAP3\scalatest-wordspec_2.13-3.3.0-SNAP3.jar;C:\Users\pio_d\.m2\repository\org\scalatest\scalatest-diagrams_2.13\3.3.0-SNAP3\scalatest-diagrams_2.13-3.3.0-SNAP3.jar;C:\Users\pio_d\.m2\repository\org\scalatest\scalatest-matchers-core_2.13\3.3.0-SNAP3\scalatest-matchers-core_2.13-3.3.0-SNAP3.jar;C:\Users\pio_d\.m2\repository\org\scalatest\scalatest-shouldmatchers_2.13\3.3.0-SNAP3\scalatest-shouldmatchers_2.13-3.3.0-SNAP3.jar;C:\Users\pio_d\.m2\repository\org\scalatest\scalatest-mustmatchers_2.13\3.3.0-SNAP3\scalatest-mustmatchers_2.13-3.3.0-SNAP3.jar;C:\Users\pio_d\.m2\repository\org\scala-lang\scala-reflect\2.13.4\scala-reflect-2.13.4.jar;C:\Users\pio_d\.m2\repository\junit\junit\4.13.2\junit-4.13.2.jar;C:\Users\pio_d\.m2\repository\org\hamcrest\hamcrest-core\1.3\hamcrest-core-1.3.jar;"/>
    <property name="java.vm.vendor" value="Oracle Corporation"/>
    <property name="sun.arch.data.model" value="64"/>
    <property name="user.variant" value=""/>
    <property name="java.vendor.url" value="http://java.oracle.com/"/>
    <property name="user.timezone" value=""/>
    <property name="java.vm.specification.version" value="1.8"/>
    <property name="os.name" value="Windows 10"/>
    <property name="user.country" value="PL"/>
    <property name="sun.java.launcher" value="SUN_STANDARD"/>
    <property name="sun.boot.library.path" value="C:\Program Files\Java\jre1.8.0_271\bin"/>
    <property name="sun.java.command" value="C:\Users\pio_d\AppData\Local\Temp\surefire2803018387644409653\surefirebooter527208678054342766.jar C:\Users\pio_d\AppData\Local\Temp\surefire2803018387644409653 2022-11-02T16-22-22_085-jvmRun1 surefire6619433667273086730tmp surefire_08815900380593844509tmp"/>
    <property name="surefire.test.class.path" value="D:\NumberConverter\NumberConverter\target\test-classes;D:\NumberConverter\NumberConverter\target\classes;C:\Users\pio_d\.m2\repository\org\scala-lang\scala-library\2.13.1\scala-library-2.13.1.jar;C:\Users\pio_d\.m2\repository\com\typesafe\akka\akka-actor_2.13\2.7.0\akka-actor_2.13-2.7.0.jar;C:\Users\pio_d\.m2\repository\com\typesafe\config\1.4.2\config-1.4.2.jar;C:\Users\pio_d\.m2\repository\org\scala-lang\modules\scala-java8-compat_2.13\1.0.0\scala-java8-compat_2.13-1.0.0.jar;C:\Users\pio_d\.m2\repository\com\typesafe\akka\akka-testkit_2.13\2.7.0\akka-testkit_2.13-2.7.0.jar;C:\Users\pio_d\.m2\repository\org\scalatest\scalatest_2.13\3.3.0-SNAP3\scalatest_2.13-3.3.0-SNAP3.jar;C:\Users\pio_d\.m2\repository\org\scalatest\scalatest-core_2.13\3.3.0-SNAP3\scalatest-core_2.13-3.3.0-SNAP3.jar;C:\Users\pio_d\.m2\repository\org\scalatest\scalatest-compatible\3.3.0-SNAP3\scalatest-compatible-3.3.0-SNAP3.jar;C:\Users\pio_d\.m2\repository\org\scalactic\scalactic_2.13\3.3.0-SNAP3\scalactic_2.13-3.3.0-SNAP3.jar;C:\Users\pio_d\.m2\repository\org\scala-lang\modules\scala-xml_2.13\1.2.0\scala-xml_2.13-1.2.0.jar;C:\Users\pio_d\.m2\repository\org\scalatest\scalatest-featurespec_2.13\3.3.0-SNAP3\scalatest-featurespec_2.13-3.3.0-SNAP3.jar;C:\Users\pio_d\.m2\repository\org\scalatest\scalatest-flatspec_2.13\3.3.0-SNAP3\scalatest-flatspec_2.13-3.3.0-SNAP3.jar;C:\Users\pio_d\.m2\repository\org\scalatest\scalatest-freespec_2.13\3.3.0-SNAP3\scalatest-freespec_2.13-3.3.0-SNAP3.jar;C:\Users\pio_d\.m2\repository\org\scalatest\scalatest-funsuite_2.13\3.3.0-SNAP3\scalatest-funsuite_2.13-3.3.0-SNAP3.jar;C:\Users\pio_d\.m2\repository\org\scalatest\scalatest-funspec_2.13\3.3.0-SNAP3\scalatest-funspec_2.13-3.3.0-SNAP3.jar;C:\Users\pio_d\.m2\repository\org\scalatest\scalatest-propspec_2.13\3.3.0-SNAP3\scalatest-propspec_2.13-3.3.0-SNAP3.jar;C:\Users\pio_d\.m2\repository\org\scalatest\scalatest-refspec_2.13\3.3.0-SNAP3\scalatest-refspec_2.13-3.3.0-SNAP3.jar;C:\Users\pio_d\.m2\repository\org\scalatest\scalatest-wordspec_2.13\3.3.0-SNAP3\scalatest-wordspec_2.13-3.3.0-SNAP3.jar;C:\Users\pio_d\.m2\repository\org\scalatest\scalatest-diagrams_2.13\3.3.0-SNAP3\scalatest-diagrams_2.13-3.3.0-SNAP3.jar;C:\Users\pio_d\.m2\repository\org\scalatest\scalatest-matchers-core_2.13\3.3.0-SNAP3\scalatest-matchers-core_2.13-3.3.0-SNAP3.jar;C:\Users\pio_d\.m2\repository\org\scalatest\scalatest-shouldmatchers_2.13\3.3.0-SNAP3\scalatest-shouldmatchers_2.13-3.3.0-SNAP3.jar;C:\Users\pio_d\.m2\repository\org\scalatest\scalatest-mustmatchers_2.13\3.3.0-SNAP3\scalatest-mustmatchers_2.13-3.3.0-SNAP3.jar;C:\Users\pio_d\.m2\repository\org\scala-lang\scala-reflect\2.13.4\scala-reflect-2.13.4.jar;C:\Users\pio_d\.m2\repository\junit\junit\4.13.2\junit-4.13.2.jar;C:\Users\pio_d\.m2\repository\org\hamcrest\hamcrest-core\1.3\hamcrest-core-1.3.jar;"/>
    <property name="sun.cpu.endian" value="little"/>
    <property name="user.home" value="C:\Users\pio_d"/>
    <property name="user.language" value="pl"/>
    <property name="java.specification.vendor" value="Oracle Corporation"/>
    <property name="java.home" value="C:\Program Files\Java\jre1.8.0_271"/>
    <property name="basedir" value="D:\NumberConverter\NumberConverter"/>
    <property name="file.separator" value="\"/>
    <property name="line.separator" value="&#10;"/>
    <property name="java.vm.specification.vendor" value="Oracle Corporation"/>
    <property name="java.specification.name" value="Java Platform API Specification"/>
    <property name="java.awt.graphicsenv" value="sun.awt.Win32GraphicsEnvironment"/>
    <property name="surefire.real.class.path" value="C:\Users\pio_d\AppData\Local\Temp\surefire2803018387644409653\surefirebooter527208678054342766.jar"/>
    <property name="sun.boot.class.path" value="C:\Program Files\Java\jre1.8.0_271\lib\resources.jar;C:\Program Files\Java\jre1.8.0_271\lib\rt.jar;C:\Program Files\Java\jre1.8.0_271\lib\sunrsasign.jar;C:\Program Files\Java\jre1.8.0_271\lib\jsse.jar;C:\Program Files\Java\jre1.8.0_271\lib\jce.jar;C:\Program Files\Java\jre1.8.0_271\lib\charsets.jar;C:\Program Files\Java\jre1.8.0_271\lib\jfr.jar;C:\Program Files\Java\jre1.8.0_271\classes"/>
    <property name="user.script" value=""/>
    <property name="sun.management.compiler" value="HotSpot 64-Bit Tiered Compilers"/>
    <property name="java.runtime.version" value="1.8.0_271-b09"/>
    <property name="user.name" value="pio_d"/>
    <property name="path.separator" value=";"/>
    <property name="os.version" value="10.0"/>
    <property name="java.endorsed.dirs" value="C:\Program Files\Java\jre1.8.0_271\lib\endorsed"/>
    <property name="java.runtime.name" value="Java(TM) SE Runtime Environment"/>
    <property name="file.encoding" value="Cp1250"/>
    <property name="java.vm.name" value="Java HotSpot(TM) 64-Bit Server VM"/>
    <property name="localRepository" value="C:\Users\pio_d\.m2\repository"/>
    <property name="java.vendor.url.bug" value="http://bugreport.sun.com/bugreport/"/>
    <property name="java.io.tmpdir" value="C:\Users\pio_d\AppData\Local\Temp\"/>
    <property name="java.version" value="1.8.0_271"/>
    <property name="user.dir" value="D:\NumberConverter\NumberConverter"/>
    <property name="os.arch" value="amd64"/>
    <property name="java.vm.specification.name" value="Java Virtual Machine Specification"/>
    <property name="java.awt.printerjob" value="sun.awt.windows.WPrinterJob"/>
    <property name="sun.os.patch.level" value=""/>
    <property name="java.library.path" value="C:\Program Files\Java\jre1.8.0_271\bin;C:\WINDOWS\Sun\Java\bin;C:\WINDOWS\system32;C:\WINDOWS;C:\Program Files (x86)\Common Files\Oracle\Java\javapath;C:\WINDOWS\system32;C:\WINDOWS;C:\WINDOWS\System32\Wbem;C:\WINDOWS\System32\WindowsPowerShell\v1.0\;C:\WINDOWS\System32\OpenSSH\;C:\Program Files\Intel\WiFi\bin\;C:\Program Files\Common Files\Intel\WirelessCommon\;C:\Program Files\dotnet\;C:\Program Files\Microsoft SQL Server\130\Tools\Binn\;C:\MinGW\bin;C:\Program Files\Git\cmd;C:\Program Files (x86)\PowerShell\7\;C:\Users\pio_d\AppData\Local\Programs\Python\Python310\Scripts\;C:\Users\pio_d\AppData\Local\Programs\Python\Python310\;C:\Users\pio_d\AppData\Local\Microsoft\WindowsApps;C:\Users\pio_d\AppData\Local\Microsoft\WindowsApps;D:\Jetbrains\IntelliJ IDEA 2020.2.3\bin;C:\Users\pio_d\AppData\Local\Coursier\data\bin;C:\Program Files\JetBrains\IntelliJ IDEA Community Edition 2021.2.2\bin;;C:\Program Files (x86)\GitHub CLI\;D:\Jetbrains\PyCharm 2021.3.3\bin;;D:\VB;D:\vs\code\Microsoft VS Code\bin;D:\maven\apache-maven-3.8.6\bin;;."/>
    <property name="java.vm.info" value="mixed mode"/>
    <property name="java.vendor" value="Oracle Corporation"/>
    <property name="java.vm.version" value="25.271-b09"/>
    <property name="java.ext.dirs" value="C:\Program Files\Java\jre1.8.0_271\lib\ext;C:\WINDOWS\Sun\Java\lib\ext"/>
    <property name="sun.io.unicode.encoding" value="UnicodeLittle"/>
    <property name="java.class.version" value="52.0"/>
  </properties>
  <testcase name="testConversionToHexExceptions" classname="samples.AppTest" time="0.329"/>
  <testcase name="testConversionToHexSuccess" classname="samples.AppTest" time="0"/>
  <testcase name="testConversionToRomanExceptions" classname="samples.AppTest" time="0"/>
  <testcase name="testConversionToRomanSuccess" classname="samples.AppTest" time="0.026"/>
</testsuite>